2020-04-08 06:44:34 N41_Recipes_Widget_News::update : old_instance Array
(
    [title] => Recettes de Jean Jean
)

2020-04-08 06:44:34 N41_Recipes_Widget_News::update : new_instance Array
(
    [title] => 
    [nombreAffiche] => 1
)

2020-04-08 06:46:11 N41_Recipes_Widget_News::update : old_instance Array
(
    [title] => 
    [nombreAffiche] => 1
)

2020-04-08 06:46:11 N41_Recipes_Widget_News::update : new_instance Array
(
    [title] => test
    [nombreAffiche] => 3
)

2020-04-08 07:08:27 N41_Recipes_Widget_News::update : old_instance Array
(
    [title] => test
    [nombreAffiche] => 3
)

2020-04-08 07:08:27 N41_Recipes_Widget_News::update : new_instance Array
(
    [title] => 
    [nombreAffiche] => 2
)

2020-04-08 07:08:27 N41_Recipes_Widget_News::update : old_instance Array
(
    [title] => test
    [nombreAffiche] => 3
)

2020-04-08 07:08:27 N41_Recipes_Widget_News::update : new_instance Array
(
    [title] => 
    [nombreAffiche] => 2
)

2020-04-08 07:18:07 N41_Recipes_Widget_News::update : old_instance Array
(
    [title] => 
    [nombreAffiche] => 2
)

2020-04-08 07:18:07 N41_Recipes_Widget_News::update : new_instance Array
(
    [title] => test
    [nombreAffiche] => 1
)

2020-04-08 07:18:17 N41_Recipes_Widget_News::update : old_instance Array
(
    [title] => test
    [nombreAffiche] => 1
)

2020-04-08 07:18:17 N41_Recipes_Widget_News::update : new_instance Array
(
    [title] => test
    [nombreAffiche] => 5
)

2020-04-08 07:19:44 N41_Recipes_Widget_News::update : old_instance Array
(
    [title] => test
    [nombreAffiche] => 5
)

2020-04-08 07:19:44 N41_Recipes_Widget_News::update : new_instance Array
(
    [title] => 
    [nombreAffiche] => 3
)

2020-04-08 07:19:50 N41_Recipes_Widget_News::update : old_instance Array
(
    [title] => 
    [nombreAffiche] => 3
)

2020-04-08 07:19:50 N41_Recipes_Widget_News::update : new_instance Array
(
    [title] => 
    [nombreAffiche] => 2
)

2020-04-08 07:20:11 N41_Recipes_Widget_News::update : old_instance Array
(
)

2020-04-08 07:20:11 N41_Recipes_Widget_News::update : new_instance Array
(
    [title] => 
    [nombreAffiche] => 
)

2020-04-08 07:21:16 N41_Recipes_Widget_News::update : old_instance Array
(
)

2020-04-08 07:21:16 N41_Recipes_Widget_News::update : new_instance Array
(
    [title] => 
    [nombreAffiche] => 
)

2020-04-08 07:21:33 N41_Recipes_Widget_News::update : old_instance Array
(
    [title] => 
    [nombreAffiche] => 
)

2020-04-08 07:21:33 N41_Recipes_Widget_News::update : new_instance Array
(
    [title] => test
    [nombreAffiche] => 3
)

2020-04-08 07:21:57 N41_Recipes_Widget_News::update : old_instance Array
(
    [title] => test
    [nombreAffiche] => 3
)

2020-04-08 07:21:57 N41_Recipes_Widget_News::update : new_instance Array
(
    [title] => test
    [nombreAffiche] => 2
)

2020-04-08 07:22:10 N41_Recipes_Widget_News::update : old_instance Array
(
    [title] => test
    [nombreAffiche] => 2
)

2020-04-08 07:22:10 N41_Recipes_Widget_News::update : new_instance Array
(
    [title] => test
    [nombreAffiche] => 1
)

2020-04-08 07:24:30 N41_Recipes_Widget_News::update : old_instance Array
(
)

2020-04-08 07:24:30 N41_Recipes_Widget_News::update : new_instance Array
(
    [title] => 
    [nombreAffiche] => 
)

2020-04-08 07:25:29 N41_Recipes_Widget_News::update : old_instance Array
(
)

2020-04-08 07:25:29 N41_Recipes_Widget_News::update : new_instance Array
(
    [title] => 
    [nombreAffiche] => 
)

2020-04-08 07:25:35 N41_Recipes_Widget_News::update : old_instance Array
(
    [title] => 
    [nombreAffiche] => 
)

2020-04-08 07:25:35 N41_Recipes_Widget_News::update : new_instance Array
(
    [title] => 
    [nombreAffiche] => 2
)

2020-04-08 07:25:57 N41_Recipes_Widget_News::update : old_instance Array
(
    [title] => 
    [nombreAffiche] => 2
)

2020-04-08 07:25:57 N41_Recipes_Widget_News::update : new_instance Array
(
    [title] => test
    [nombreAffiche] => 2
)

2020-04-08 07:26:59 N41_Recipes_Widget_News::update : old_instance Array
(
    [title] => test
    [nombreAffiche] => 2
)

2020-04-08 07:26:59 N41_Recipes_Widget_News::update : new_instance Array
(
    [title] => test
    [nombreAffiche] => 3
)

2020-04-08 07:27:27 N41_Recipes_Widget_News::update : old_instance Array
(
    [title] => test
    [nombreAffiche] => 3
)

2020-04-08 07:27:27 N41_Recipes_Widget_News::update : new_instance Array
(
    [title] => test
    [nombreAffiche] => 2
)

2020-04-08 07:32:31 N41_Recipes_Widget_News::update : old_instance Array
(
)

2020-04-08 07:32:31 N41_Recipes_Widget_News::update : new_instance Array
(
    [title] => 
    [nombreAffiche] => 
)

2020-04-08 07:32:31 N41_Recipes_Widget_News::update : new_instance Array
(
    [title] => 
    [nombreAffiche] => 
)

2020-04-08 07:32:43 N41_Recipes_Widget_News::update : old_instance Array
(
)

2020-04-08 07:32:43 N41_Recipes_Widget_News::update : new_instance Array
(
    [title] => test
    [nombreAffiche] => 2
)

2020-04-08 07:32:45 N41_Recipes_Widget_News::update : old_instance Array
(
    [title] => test
    [nombreAffiche] => 2
)

2020-04-08 07:32:45 N41_Recipes_Widget_News::update : new_instance Array
(
    [title] => test
    [nombreAffiche] => 2
)

2020-04-08 07:32:45 N41_Recipes_Widget_News::update : old_instance Array
(
    [title] => test
    [nombreAffiche] => 2
)

2020-04-08 07:32:45 N41_Recipes_Widget_News::update : new_instance Array
(
    [title] => test
    [nombreAffiche] => 2
)

2020-04-08 07:32:53 N41_Recipes_Widget_News::update : old_instance Array
(
    [title] => test
    [nombreAffiche] => 2
)

2020-04-08 07:32:53 N41_Recipes_Widget_News::update : new_instance Array
(
    [title] => test
    [nombreAffiche] => 5
)

2020-04-08 07:33:02 N41_Recipes_Widget_News::update : old_instance Array
(
    [title] => test
    [nombreAffiche] => 5
)

2020-04-08 07:33:02 N41_Recipes_Widget_News::update : new_instance Array
(
    [title] => test
    [nombreAffiche] => 3
)

2020-04-08 07:33:10 N41_Recipes_Widget_News::update : old_instance Array
(
    [title] => test
    [nombreAffiche] => 3
)

2020-04-08 07:33:10 N41_Recipes_Widget_News::update : new_instance Array
(
    [title] => test2
    [nombreAffiche] => 3
)

2020-04-08 07:33:52 N41_Recipes_Widget_News::update : old_instance Array
(
)

2020-04-08 07:33:52 N41_Recipes_Widget_News::update : new_instance Array
(
    [title] => 
    [nombreAffiche] => 
)

2020-04-08 07:34:08 N41_Recipes_Widget_News::update : old_instance Array
(
)

2020-04-08 07:34:08 N41_Recipes_Widget_News::update : new_instance Array
(
    [title] => 
    [nombreAffiche] => 3
)

2020-04-08 07:34:15 N41_Recipes_Widget_News::update : old_instance Array
(
    [title] => 
    [nombreAffiche] => 3
)

2020-04-08 07:34:15 N41_Recipes_Widget_News::update : new_instance Array
(
    [title] => test
    [nombreAffiche] => 3
)

2020-04-08 07:34:19 N41_Recipes_Widget_News::update : old_instance Array
(
    [title] => test
    [nombreAffiche] => 3
)

2020-04-08 07:34:19 N41_Recipes_Widget_News::update : new_instance Array
(
    [title] => test2
    [nombreAffiche] => 3
)

2020-04-08 07:34:22 N41_Recipes_Widget_News::update : old_instance Array
(
    [title] => test2
    [nombreAffiche] => 3
)

2020-04-08 07:34:22 N41_Recipes_Widget_News::update : new_instance Array
(
    [title] => test
    [nombreAffiche] => 3
)

2020-04-08 07:34:27 N41_Recipes_Widget_News::update : old_instance Array
(
    [title] => test
    [nombreAffiche] => 3
)

2020-04-08 07:34:27 N41_Recipes_Widget_News::update : new_instance Array
(
    [title] => test
    [nombreAffiche] => 
)

2020-04-08 07:37:49 N41_Recipes_Widget_News::update : old_instance Array
(
    [title] => test
    [nombreAffiche] => 
)

2020-04-08 07:37:49 N41_Recipes_Widget_News::update : new_instance Array
(
    [title] => test
    [nombreAffiche] => 
)

2020-04-08 07:37:54 N41_Recipes_Widget_News::update : old_instance Array
(
    [title] => test
    [nombreAffiche] => 
)

2020-04-08 07:37:54 N41_Recipes_Widget_News::update : new_instance Array
(
    [title] => test
    [nombreAffiche] => 5
)

2020-04-08 07:38:01 N41_Recipes_Widget_News::update : old_instance Array
(
    [title] => test
    [nombreAffiche] => 5
)

2020-04-08 07:38:01 N41_Recipes_Widget_News::update : new_instance Array
(
    [title] => test
    [nombreAffiche] => 
)

